<?xml version="1.0" encoding="UTF-8"?>
<!-- Generated by org.testng.reporters.JUnitReportReporter -->
<testsuite hostname="DESKTOP-QK4QCGL" failures="0" tests="1" name="theScore.TheScore" time="34.360" errors="0" timestamp="2022-11-22T00:24:58 IST" skipped="0">
  <testcase classname="theScore.TheScore" name="testCal" time="34.360"/>
  <system-out>
    <![CDATA[Leagues page is navigated
NFL page is navigated]]>
  </system-out>
</testsuite> <!-- theScore.TheScore -->
